<?xml version="1.0" encoding="UTF-8"?>
<!-- Generated by org.testng.reporters.JUnitReportReporter -->
<testsuite skipped="10" hostname="Admin-PC" name="com.test.DashboardTest" tests="11" failures="0" timestamp="6 Jan 2021 05:43:55 GMT" time="0.038" errors="1">
  <testcase name="logo" time="0.002" classname="com.test.DashboardTest">
    <skipped/>
  </testcase> <!-- logo -->
  <testcase name="moreinfo" time="0.003" classname="com.test.DashboardTest">
    <skipped/>
  </testcase> <!-- moreinfo -->
  <testcase name="logout" time="0.002" classname="com.test.DashboardTest">
    <skipped/>
  </testcase> <!-- logout -->
  <testcase name="mainNavigation" time="0.017" classname="com.test.DashboardTest">
    <skipped/>
  </testcase> <!-- mainNavigation -->
  <testcase name="footer" time="0.002" classname="com.test.DashboardTest">
    <skipped/>
  </testcase> <!-- footer -->
  <testcase name="heading" time="0.002" classname="com.test.DashboardTest">
    <skipped/>
  </testcase> <!-- heading -->
  <testcase name="allcourse" time="0.005" classname="com.test.DashboardTest">
    <skipped/>
  </testcase> <!-- allcourse -->
  <testcase name="goutMsg" time="0.003" classname="com.test.DashboardTest">
    <skipped/>
  </testcase> <!-- goutMsg -->
  <testcase name="mainHeading" time="0.001" classname="com.test.DashboardTest">
    <skipped/>
  </testcase> <!-- mainHeading -->
  <testcase name="copyright" time="0.001" classname="com.test.DashboardTest">
    <skipped/>
  </testcase> <!-- copyright -->
  <testcase name="openBrowser" time="0.000" classname="com.test.DashboardTest">
    <error type="java.lang.NoClassDefFoundError" message="com/google/common/collect/ImmutableMap">
      <![CDATA[java.lang.NoClassDefFoundError: com/google/common/collect/ImmutableMap
	at org.openqa.selenium.remote.service.DriverService$Builder.<init>(DriverService.java:259)
	at org.openqa.selenium.chrome.ChromeDriverService$Builder.<init>(ChromeDriverService.java:101)
	at org.openqa.selenium.chrome.ChromeDriverService.createDefaultService(ChromeDriverService.java:94)
	at org.openqa.selenium.chrome.ChromeDriver.<init>(ChromeDriver.java:123)
	at com.test.DashboardTest.openBrowser(DashboardTest.java:19)
	at sun.reflect.NativeMethodAccessorImpl.invoke0(Native Method)
	at sun.reflect.NativeMethodAccessorImpl.invoke(Unknown Source)
	at sun.reflect.DelegatingMethodAccessorImpl.invoke(Unknown Source)
	at java.lang.reflect.Method.invoke(Unknown Source)
	at org.testng.internal.MethodInvocationHelper.invokeMethod(MethodInvocationHelper.java:100)
	at org.testng.internal.Invoker.invokeConfigurationMethod(Invoker.java:515)
	at org.testng.internal.Invoker.invokeConfigurations(Invoker.java:216)
	at org.testng.internal.Invoker.invokeMethod(Invoker.java:590)
	at org.testng.internal.Invoker.invokeTestMethod(Invoker.java:811)
	at org.testng.internal.Invoker.invokeTestMethods(Invoker.java:1137)
	at org.testng.internal.TestMethodWorker.invokeTestMethods(TestMethodWorker.java:129)
	at org.testng.internal.TestMethodWorker.run(TestMethodWorker.java:112)
	at org.testng.TestRunner.privateRun(TestRunner.java:753)
	at org.testng.TestRunner.run(TestRunner.java:607)
	at org.testng.SuiteRunner.runTest(SuiteRunner.java:368)
	at org.testng.SuiteRunner.runSequentially(SuiteRunner.java:363)
	at org.testng.SuiteRunner.privateRun(SuiteRunner.java:321)
	at org.testng.SuiteRunner.run(SuiteRunner.java:270)
	at org.testng.SuiteRunnerWorker.runSuite(SuiteRunnerWorker.java:52)
	at org.testng.SuiteRunnerWorker.run(SuiteRunnerWorker.java:86)
	at org.testng.TestNG.runSuitesSequentially(TestNG.java:1284)
	at org.testng.TestNG.runSuitesLocally(TestNG.java:1209)
	at org.testng.TestNG.runSuites(TestNG.java:1124)
	at org.testng.TestNG.run(TestNG.java:1096)
	at org.testng.remote.AbstractRemoteTestNG.run(AbstractRemoteTestNG.java:132)
	at org.testng.remote.RemoteTestNG.initAndRun(RemoteTestNG.java:236)
	at org.testng.remote.RemoteTestNG.main(RemoteTestNG.java:81)
Caused by: java.lang.ClassNotFoundException: com.google.common.collect.ImmutableMap
	at java.net.URLClassLoader.findClass(Unknown Source)
	at java.lang.ClassLoader.loadClass(Unknown Source)
	at sun.misc.Launcher$AppClassLoader.loadClass(Unknown Source)
	at java.lang.ClassLoader.loadClass(Unknown Source)
	... 32 more
]]>
    </error>
  </testcase> <!-- openBrowser -->
</testsuite> <!-- com.test.DashboardTest -->
